<?xml version="1.0" encoding="UTF-8"?>
<!-- Generated by org.testng.reporters.JUnitReportReporter -->
<testsuite hostname="DESKTOP-7PKH5IA" failures="0" tests="2" name="test_execution.End_to_End_validation" time="209.214" errors="0" timestamp="2023-04-08T10:59:01 IST" skipped="0">
  <testcase classname="test_execution.End_to_End_validation" name="TL_001_EndtoEnd" time="101.361"/>
  <system-out>
    <![CDATA[pass: validation of the atlasian page url is done
pass: validation of the atlasian page title is done
pass: validation of the boards page url is done
pass: validation of boards page title is done
creating of the cast with name of spiderman, ironman, hulk. is pass
pass: validation of home page after end to end scinero is pass]]>
  </system-out>
  <testcase classname="test_execution.End_to_End_validation" name="TL_002_EndtoEnd" time="107.853"/>
  <system-out>
    <![CDATA[pass: validation of the atlasian_login page url is done
pass: validation of the atlasian_login page title is done
pass: validation of the boards page url is done
pass: validation of boards page title is done
creating of the cast with name of spiderman, ironman, hulk. is pass
deleting of the cast after creating is pass
pass: validation of home page after end to end scinero is pass]]>
  </system-out>
</testsuite> <!-- test_execution.End_to_End_validation -->
