<?xml version="1.0" encoding="UTF-8"?>
<!-- Generated by org.testng.reporters.JUnitReportReporter -->
<testsuite hostname="DESKTOP-7PKH5IA" failures="0" tests="1" name="test_execution.Functional_validation" time="90.112" errors="0" timestamp="2023-04-08T10:59:01 IST" skipped="0">
  <testcase classname="test_execution.Functional_validation" name="Smoke_test" time="90.112"/>
  <system-out>
    <![CDATA[pass: the validation of trello home page title is done
pass: the validation of trello home page url is done
pass: the validation of trello home page feature button is done
pass: the validation of trello home page solutions button is done
pass: the validation of trello home page plans button is done
pass: the validation of trello home page pricing button is pass
pass: the validation of trello home page resource button is pass
pass: the validation of trello home page logo attribute is pass
pass: the validation of trello home page logo height is pass
PASS: VALIDATION OF ALL THE ELEMENTS IN HOME PAGE OF TRELLO IS PASS]]>
  </system-out>
</testsuite> <!-- test_execution.Functional_validation -->
