<?xml version="1.0" encoding="UTF-8"?>
<!-- Generated by org.testng.reporters.JUnitReportReporter -->
<testsuite hostname="DESKTOP-7PKH5IA" failures="0" tests="1" name="test_execution.Functional_verification" time="52.948" errors="0" timestamp="2023-02-25T01:21:29 IST" skipped="0">
  <testcase classname="test_execution.Functional_verification" name="Smoke_test" time="52.948"/>
  <system-out>
    <![CDATA[pass: the verification of trello home page title is done
pass: the verification of trello home page url is done
pass: the verification of trello home page feature button is done
pass: the verification of trello home page solutions button is done
pass: the verification of trello home page plans button is done
pass: the verification of trello home page pricing button is pass
pass: the verification of trello home page resource button is pass
pass: the verification of trello home page logo attribute is pass
pass: the verification of trello home page logo height is pass
PASS: VERIFIATION OF ALL THE ELEMENTS IN HOME PAGE OF TRELLO IS PASS]]>
  </system-out>
</testsuite> <!-- test_execution.Functional_verification -->
