<?xml version="1.0" encoding="UTF-8"?>
<!-- Generated by org.testng.reporters.JUnitReportReporter -->
<testsuite hostname="DESKTOP-7PKH5IA" failures="0" tests="1" name="test_cases.Functional_test_verification" time="46.285" errors="0" timestamp="2023-02-24T17:21:56 IST" skipped="0">
  <testcase classname="test_cases.Functional_test_verification" name="smoke_verification" time="46.285"/>
  <system-out/>
</testsuite> <!-- test_cases.Functional_test_verification -->
